[debug] [2023-03-29T02:58:40.740Z] ----------------------------------------------------------------------
[debug] [2023-03-29T02:58:40.744Z] Command:       C:\Program Files\nodejs\node.exe C:\Users\Jimmy\AppData\Roaming\npm\node_modules\firebase-tools\lib\bin\firebase.js init
[debug] [2023-03-29T02:58:40.745Z] CLI Version:   11.25.2
[debug] [2023-03-29T02:58:40.746Z] Platform:      win32
[debug] [2023-03-29T02:58:40.746Z] Node Version:  v18.14.2
[debug] [2023-03-29T02:58:40.748Z] Time:          Tue Mar 28 2023 19:58:40 GMT-0700 (Pacific Daylight Saving Time)
[debug] [2023-03-29T02:58:40.748Z] ----------------------------------------------------------------------
[debug] 
[debug] [2023-03-29T02:58:40.765Z] > command requires scopes: ["email","openid","https://www.googleapis.com/auth/cloudplatformprojects.readonly","https://www.googleapis.com/auth/firebase","https://www.googleapis.com/auth/cloud-platform"]
[debug] [2023-03-29T02:58:40.766Z] > authorizing via signed-in user (jimmyppn@gmail.com)
[info] 
     ######## #### ########  ######## ########     ###     ######  ########
     ##        ##  ##     ## ##       ##     ##  ##   ##  ##       ##
     ######    ##  ########  ######   ########  #########  ######  ######
     ##        ##  ##    ##  ##       ##     ## ##     ##       ## ##
     ##       #### ##     ## ######## ########  ##     ##  ######  ########

You're about to initialize a Firebase project in this directory:

  C:\Users\Jimmy\Documents\COMP 1800\demo07\demoM

[info] 
=== Project Setup
[info] 
[info] First, let's associate this project directory with a Firebase project.
[info] You can create multiple project aliases by running firebase use --add, 
[info] but for now we'll just set up a default project.
[info] 
[debug] [2023-03-29T03:00:26.579Z] >>> [apiv2][query] GET https://firebase.googleapis.com/v1beta1/projects pageSize=100
[debug] [2023-03-29T03:00:27.115Z] <<< [apiv2][status] GET https://firebase.googleapis.com/v1beta1/projects 200
[debug] [2023-03-29T03:00:27.115Z] <<< [apiv2][body] GET https://firebase.googleapis.com/v1beta1/projects [omitted]
[info] i  Using project weathereyebby-05 (WeatherEyeBBY-05) 
[info] 
=== Firestore Setup
[debug] [2023-03-29T03:00:39.923Z] >>> [apiv2][query] GET https://serviceusage.googleapis.com/v1/projects/weathereyebby-05/services/firestore.googleapis.com [none]
[debug] [2023-03-29T03:00:39.923Z] >>> [apiv2][(partial)header] GET https://serviceusage.googleapis.com/v1/projects/weathereyebby-05/services/firestore.googleapis.com x-goog-quota-user=projects/weathereyebby-05
[debug] [2023-03-29T03:00:40.385Z] <<< [apiv2][status] GET https://serviceusage.googleapis.com/v1/projects/weathereyebby-05/services/firestore.googleapis.com 200
[debug] [2023-03-29T03:00:40.386Z] <<< [apiv2][body] GET https://serviceusage.googleapis.com/v1/projects/weathereyebby-05/services/firestore.googleapis.com [omitted]
[debug] [2023-03-29T03:00:40.387Z] >>> [apiv2][query] GET https://firestore.googleapis.com/v1/projects/weathereyebby-05/databases/(default) [none]
[debug] [2023-03-29T03:00:40.923Z] <<< [apiv2][status] GET https://firestore.googleapis.com/v1/projects/weathereyebby-05/databases/(default) 200
[debug] [2023-03-29T03:00:40.924Z] <<< [apiv2][body] GET https://firestore.googleapis.com/v1/projects/weathereyebby-05/databases/(default) {"name":"projects/weathereyebby-05/databases/(default)","uid":"b6ee3ce6-9ba8-4ef7-8b1b-96bb9856bfff","createTime":"2023-03-05T00:49:04.815946Z","updateTime":"2023-03-05T00:49:04.815946Z","locationId":"nam5","type":"FIRESTORE_NATIVE","concurrencyMode":"PESSIMISTIC","appEngineIntegrationMode":"DISABLED","keyPrefix":"s","deleteProtectionState":"DELETE_PROTECTION_DISABLED","etag":"IPvysvOSgP4CMMWt2aiy2f0C"}
[debug] [2023-03-29T03:00:40.924Z] database_type: FIRESTORE_NATIVE
[debug] [2023-03-29T03:00:40.925Z] > command requires scopes: ["email","openid","https://www.googleapis.com/auth/cloudplatformprojects.readonly","https://www.googleapis.com/auth/firebase","https://www.googleapis.com/auth/cloud-platform"]
[debug] [2023-03-29T03:00:40.926Z] > authorizing via signed-in user (jimmyppn@gmail.com)
[debug] [2023-03-29T03:00:40.926Z] [iam] checking project weathereyebby-05 for permissions ["firebase.projects.get"]
[debug] [2023-03-29T03:00:40.928Z] >>> [apiv2][query] POST https://cloudresourcemanager.googleapis.com/v1/projects/weathereyebby-05:testIamPermissions [none]
[debug] [2023-03-29T03:00:40.928Z] >>> [apiv2][(partial)header] POST https://cloudresourcemanager.googleapis.com/v1/projects/weathereyebby-05:testIamPermissions x-goog-quota-user=projects/weathereyebby-05
[debug] [2023-03-29T03:00:40.929Z] >>> [apiv2][body] POST https://cloudresourcemanager.googleapis.com/v1/projects/weathereyebby-05:testIamPermissions {"permissions":["firebase.projects.get"]}
[debug] [2023-03-29T03:00:41.132Z] <<< [apiv2][status] POST https://cloudresourcemanager.googleapis.com/v1/projects/weathereyebby-05:testIamPermissions 200
[debug] [2023-03-29T03:00:41.132Z] <<< [apiv2][body] POST https://cloudresourcemanager.googleapis.com/v1/projects/weathereyebby-05:testIamPermissions {"permissions":["firebase.projects.get"]}
[info] 
[info] Firestore Security Rules allow you to define how and when to allow
[info] requests. You can keep these rules in your project directory
[info] and publish them with firebase deploy.
[info] 
